22:06:22 **** Rebuild of configuration Debug for project ex1 ****
Info: Internal Builder is used for build
gcc -O0 -g3 -Wall -c -fmessage-length=0 -o main.o "..\\main.c" 
..\main.c:10:6: warning: return type of 'main' is not 'int' [-Wmain]
 void main ()
      ^~~~
gcc -o ex1.exe main.o 
Info: Nothing to build for ex1
Info: Nothing to build for ex1
Info: Nothing to build for ex1
Info: Nothing to build for ex1
Info: Nothing to build for ex1
22:17:51 **** Rebuild of configuration Debug for project ex2 ****
Info: Internal Builder is used for build
gcc -O0 -g3 -Wall -c -fmessage-length=0 -o main.o "..\\main.c" 
gcc -o ex2.exe main.o 
c:/mingw/bin/../lib/gcc/mingw32/6.3.0/../../../libmingw32.a(main.o):(.text.startup+0xa0): undefined reference to `WinMain@16'
collect2.exe: error: ld returned 1 exit status
Info: Nothing to build for ex1
22:17:55 **** Incremental Build of configuration Debug for project ex2 ****
Info: Internal Builder is used for build
gcc -O0 -g3 -Wall -c -fmessage-length=0 -o main.o "..\\main.c" 
..\main.c:10:6: warning: return type of 'main' is not 'int' [-Wmain]
 void main ()
      ^~~~
..\main.c: In function 'main':
..\main.c:16:10: warning: format '%c' expects argument of type 'char *', but argument 2 has type 'int' [-Wformat=]
  scanf("%c", c)
          ^
..\main.c:19:2: error: expected ';' before 'switch'
  switch (c)
  ^~~~~~
Info: Nothing to build for ex1
22:18:31 **** Incremental Build of configuration Debug for project ex2 ****
Info: Internal Builder is used for build
gcc -O0 -g3 -Wall -c -fmessage-length=0 -o main.o "..\\main.c" 
..\main.c:10:6: warning: return type of 'main' is not 'int' [-Wmain]
 void main ()
      ^~~~
..\main.c: In function 'main':
..\main.c:16:10: warning: format '%c' expects argument of type 'char *', but argument 2 has type 'int' [-Wformat=]
  scanf("%c", c);
          ^
..\main.c:21:2: error: case label does not reduce to an integer constant
  case "A":
  ^~~~
..\main.c:22:2: error: case label does not reduce to an integer constant
  case "a":
  ^~~~
..\main.c:23:2: error: case label does not reduce to an integer constant
  case "E":
  ^~~~
..\main.c:24:2: error: case label does not reduce to an integer constant
  case "e":
  ^~~~
..\main.c:25:2: error: case label does not reduce to an integer constant
  case "I":
  ^~~~
..\main.c:26:2: error: case label does not reduce to an integer constant
  case "i":
  ^~~~
..\main.c:27:2: error: case label does not reduce to an integer constant
  case "O":
  ^~~~
..\main.c:28:2: error: case label does not reduce to an integer constant
  case "o":
  ^~~~
..\main.c:29:2: error: case label does not reduce to an integer constant
  case "U":
  ^~~~
..\main.c:30:2: error: case label does not reduce to an integer constant
  case "u":
  ^~~~
Info: Nothing to build for ex1
22:19:01 **** Incremental Build of configuration Debug for project ex2 ****
Info: Internal Builder is used for build
gcc -O0 -g3 -Wall -c -fmessage-length=0 -o main.o "..\\main.c" 
..\main.c:10:6: warning: return type of 'main' is not 'int' [-Wmain]
 void main ()
      ^~~~
..\main.c: In function 'main':
..\main.c:16:10: warning: format '%c' expects argument of type 'char *', but argument 2 has type 'int' [-Wformat=]
  scanf("%c", c);
          ^
..\main.c:22:2: error: case label does not reduce to an integer constant
  case "a":
  ^~~~
..\main.c:23:2: error: case label does not reduce to an integer constant
  case "E":
  ^~~~
..\main.c:24:2: error: case label does not reduce to an integer constant
  case "e":
  ^~~~
..\main.c:25:2: error: case label does not reduce to an integer constant
  case "I":
  ^~~~
..\main.c:26:2: error: case label does not reduce to an integer constant
  case "i":
  ^~~~
..\main.c:27:2: error: case label does not reduce to an integer constant
  case "O":
  ^~~~
..\main.c:28:2: error: case label does not reduce to an integer constant
  case "o":
  ^~~~
..\main.c:29:2: error: case label does not reduce to an integer constant
  case "U":
  ^~~~
..\main.c:30:2: error: case label does not reduce to an integer constant
  case "u":
  ^~~~
Info: Nothing to build for ex1
22:19:33 **** Incremental Build of configuration Debug for project ex2 ****
Info: Internal Builder is used for build
gcc -O0 -g3 -Wall -c -fmessage-length=0 -o main.o "..\\main.c" 
..\main.c:10:6: warning: return type of 'main' is not 'int' [-Wmain]
 void main ()
      ^~~~
..\main.c: In function 'main':
..\main.c:16:10: warning: format '%c' expects argument of type 'char *', but argument 2 has type 'int' [-Wformat=]
  scanf("%c", c);
          ^
..\main.c:16:2: warning: 'c' is used uninitialized in this function [-Wuninitialized]
  scanf("%c", c);
  ^~~~~~~~~~~~~~
gcc -o ex2.exe main.o 
Info: Nothing to build for ex2
Info: Nothing to build for ex2
Info: Nothing to build for ex2
Info: Nothing to build for ex1
Info: Nothing to build for ex2
Info: Nothing to build for ex1
Info: Nothing to build for ex2
Info: Nothing to build for ex1
Info: Nothing to build for ex2
Info: Nothing to build for ex1
Info: Nothing to build for ex2
Info: Nothing to build for ex1
Info: Nothing to build for ex2
Info: Nothing to build for ex2
22:22:59 **** Incremental Build of configuration Debug for project ex2 ****
Info: Internal Builder is used for build
gcc -O0 -g3 -Wall -c -fmessage-length=0 -o main.o "..\\main.c" 
..\main.c:10:6: warning: return type of 'main' is not 'int' [-Wmain]
 void main ()
      ^~~~
..\main.c: In function 'main':
..\main.c:16:10: warning: format '%c' expects argument of type 'char *', but argument 2 has type 'int' [-Wformat=]
  scanf("%c", c);
          ^
..\main.c:16:2: warning: 'c' is used uninitialized in this function [-Wuninitialized]
  scanf("%c", c);
  ^~~~~~~~~~~~~~
gcc -o ex2.exe main.o 
Info: Nothing to build for ex2
22:24:01 **** Incremental Build of configuration Debug for project ex2 ****
Info: Internal Builder is used for build
gcc -O0 -g3 -Wall -c -fmessage-length=0 -o main.o "..\\main.c" 
..\main.c:10:6: warning: return type of 'main' is not 'int' [-Wmain]
 void main ()
      ^~~~
gcc -o ex2.exe main.o 
Info: Nothing to build for ex2
Info: Nothing to build for ex2
Info: Nothing to build for ex2
Info: Nothing to build for ex2
Info: Nothing to build for ex2
Info: Nothing to build for ex2
22:24:35 **** Incremental Build of configuration Debug for project ex2 ****
Info: Internal Builder is used for build
gcc -O0 -g3 -Wall -c -fmessage-length=0 -o main.o "..\\main.c" 
..\main.c:10:6: warning: return type of 'main' is not 'int' [-Wmain]
 void main ()
      ^~~~
gcc -o ex2.exe main.o 
c:/mingw/bin/../lib/gcc/mingw32/6.3.0/../../../../mingw32/bin/ld.exe: cannot open output file ex2.exe: Permission denied
collect2.exe: error: ld returned 1 exit status
Info: Nothing to build for ex1
22:31:58 **** Incremental Build of configuration Debug for project ex2 ****
Info: Internal Builder is used for build
gcc -o ex2.exe main.o 
c:/mingw/bin/../lib/gcc/mingw32/6.3.0/../../../../mingw32/bin/ld.exe: cannot open output file ex2.exe: Permission denied
collect2.exe: error: ld returned 1 exit status
22:31:58 **** Rebuild of configuration Debug for project ex3 ****
Info: Internal Builder is used for build
gcc -O0 -g3 -Wall -c -fmessage-length=0 -o main.o "..\\main.c" 
..\main.c:9:6: warning: return type of 'main' is not 'int' [-Wmain]
 void main ()
      ^~~~
..\main.c: In function 'main':
..\main.c:15:11: warning: format '%d' expects argument of type 'int *', but argument 2 has type 'float *' [-Wformat=]
  scanf ("%d %d %d", &x , &y , &z);
           ^
..\main.c:15:14: warning: format '%d' expects argument of type 'int *', but argument 3 has type 'float *' [-Wformat=]
  scanf ("%d %d %d", &x , &y , &z);
              ^
..\main.c:15:17: warning: format '%d' expects argument of type 'int *', but argument 4 has type 'float *' [-Wformat=]
  scanf ("%d %d %d", &x , &y , &z);
                 ^
gcc -o ex3.exe main.o 
Info: Nothing to build for ex3
22:32:37 **** Incremental Build of configuration Debug for project ex3 ****
Info: Internal Builder is used for build
gcc -O0 -g3 -Wall -c -fmessage-length=0 -o main.o "..\\main.c" 
..\main.c:9:6: warning: return type of 'main' is not 'int' [-Wmain]
 void main ()
      ^~~~
gcc -o ex3.exe main.o 
Info: Nothing to build for ex3
22:33:14 **** Incremental Build of configuration Debug for project ex3 ****
Info: Internal Builder is used for build
gcc -O0 -g3 -Wall -c -fmessage-length=0 -o main.o "..\\main.c" 
..\main.c:9:6: warning: return type of 'main' is not 'int' [-Wmain]
 void main ()
      ^~~~
gcc -o ex3.exe main.o 
Info: Nothing to build for ex3
Info: Nothing to build for ex3
Info: Nothing to build for ex3
Info: Nothing to build for ex3
Info: Nothing to build for ex3
Info: Nothing to build for ex1
22:45:24 **** Incremental Build of configuration Debug for project ex2 ****
Info: Internal Builder is used for build
gcc -o ex2.exe main.o 
c:/mingw/bin/../lib/gcc/mingw32/6.3.0/../../../../mingw32/bin/ld.exe: cannot open output file ex2.exe: Permission denied
collect2.exe: error: ld returned 1 exit status
Info: Nothing to build for ex3
22:45:25 **** Rebuild of configuration Debug for project ex4 ****
Info: Internal Builder is used for build
gcc -O0 -g3 -Wall -c -fmessage-length=0 -o main.o "..\\main.c" 
..\main.c:10:6: warning: return type of 'main' is not 'int' [-Wmain]
 void main ()
      ^~~~
..\main.c: In function 'main':
..\main.c:19:2: error: expected ';' before 'if'
  if (num>0)
  ^~
..\main.c:21:2: error: 'else' without a previous 'if'
  else if (num<0)
  ^~~~
Info: Nothing to build for ex1
22:45:33 **** Incremental Build of configuration Debug for project ex2 ****
Info: Internal Builder is used for build
gcc -o ex2.exe main.o 
c:/mingw/bin/../lib/gcc/mingw32/6.3.0/../../../../mingw32/bin/ld.exe: cannot open output file ex2.exe: Permission denied
collect2.exe: error: ld returned 1 exit status
Info: Nothing to build for ex3
22:45:33 **** Incremental Build of configuration Debug for project ex4 ****
Info: Internal Builder is used for build
gcc -O0 -g3 -Wall -c -fmessage-length=0 -o main.o "..\\main.c" 
..\main.c:10:6: warning: return type of 'main' is not 'int' [-Wmain]
 void main ()
      ^~~~
gcc -o ex4.exe main.o 
Info: Nothing to build for ex4
22:46:07 **** Incremental Build of configuration Debug for project ex4 ****
Info: Internal Builder is used for build
gcc -O0 -g3 -Wall -c -fmessage-length=0 -o main.o "..\\main.c" 
..\main.c:10:6: warning: return type of 'main' is not 'int' [-Wmain]
 void main ()
      ^~~~
gcc -o ex4.exe main.o 
Info: Nothing to build for ex4
Info: Nothing to build for ex4
Info: Nothing to build for ex1
23:45:54 **** Incremental Build of configuration Debug for project ex2 ****
Info: Internal Builder is used for build
gcc -o ex2.exe main.o 
c:/mingw/bin/../lib/gcc/mingw32/6.3.0/../../../../mingw32/bin/ld.exe: cannot open output file ex2.exe: Permission denied
collect2.exe: error: ld returned 1 exit status
Info: Nothing to build for ex3
Info: Nothing to build for ex4
23:45:55 **** Rebuild of configuration Debug for project ex5 ****
Info: Internal Builder is used for build
gcc -O0 -g3 -Wall -c -fmessage-length=0 -o main.o "..\\main.c" 
..\main.c:10:6: warning: return type of 'main' is not 'int' [-Wmain]
 void main ()
      ^~~~
..\main.c: In function 'main':
..\main.c:19:15: warning: suggest parentheses around '&&' within '||' [-Wparentheses]
  if ( c >= 97 && c <= 122 || c >= 65 && c <= 90)
       ~~~~~~~~^~~~~~~~~~~
gcc -o ex5.exe main.o 
Info: Nothing to build for ex5
Info: Nothing to build for ex5
Info: Nothing to build for ex5
Info: Nothing to build for ex5
Info: Nothing to build for ex5
Info: Nothing to build for ex5
Info: Nothing to build for ex5
Info: Nothing to build for ex5
Info: Nothing to build for ex5
Info: Nothing to build for ex5
Info: Nothing to build for ex5
Info: Nothing to build for ex5
Info: Nothing to build for ex5
Info: Nothing to build for ex5
Info: Nothing to build for ex1
23:55:39 **** Incremental Build of configuration Debug for project ex2 ****
Info: Internal Builder is used for build
gcc -o ex2.exe main.o 
c:/mingw/bin/../lib/gcc/mingw32/6.3.0/../../../../mingw32/bin/ld.exe: cannot open output file ex2.exe: Permission denied
collect2.exe: error: ld returned 1 exit status
Info: Nothing to build for ex3
Info: Nothing to build for ex4
23:55:39 **** Incremental Build of configuration Debug for project ex5 ****
Info: Internal Builder is used for build
gcc -O0 -g3 -Wall -c -fmessage-length=0 -o main.o "..\\main.c" 
..\main.c:10:6: warning: return type of 'main' is not 'int' [-Wmain]
 void main ()
      ^~~~
gcc -o ex5.exe main.o 
Info: Nothing to build for ex5
23:55:51 **** Incremental Build of configuration Debug for project ex5 ****
Info: Internal Builder is used for build
gcc -O0 -g3 -Wall -c -fmessage-length=0 -o main.o "..\\main.c" 
..\main.c:10:6: warning: return type of 'main' is not 'int' [-Wmain]
 void main ()
      ^~~~
gcc -o ex5.exe main.o 
Info: Nothing to build for ex5
Info: Nothing to build for ex1
00:02:55 **** Incremental Build of configuration Debug for project ex2 ****
Info: Internal Builder is used for build
gcc -o ex2.exe main.o 
c:/mingw/bin/../lib/gcc/mingw32/6.3.0/../../../../mingw32/bin/ld.exe: cannot open output file ex2.exe: Permission denied
collect2.exe: error: ld returned 1 exit status
Info: Nothing to build for ex3
Info: Nothing to build for ex4
Info: Nothing to build for ex5
00:02:55 **** Rebuild of configuration Debug for project ex6 ****
Info: Internal Builder is used for build
gcc -O0 -g3 -Wall -c -fmessage-length=0 -o main.o "..\\main.c" 
..\main.c:9:6: warning: return type of 'main' is not 'int' [-Wmain]
 void main()
      ^~~~
..\main.c: In function 'main':
..\main.c:21:5: error: expected ';' before 'printf'
     printf("sum = %d",sum);
     ^~~~~~
Info: Nothing to build for ex1
00:03:49 **** Incremental Build of configuration Debug for project ex2 ****
Info: Internal Builder is used for build
gcc -o ex2.exe main.o 
c:/mingw/bin/../lib/gcc/mingw32/6.3.0/../../../../mingw32/bin/ld.exe: cannot open output file ex2.exe: Permission denied
collect2.exe: error: ld returned 1 exit status
Info: Nothing to build for ex3
Info: Nothing to build for ex4
Info: Nothing to build for ex5
00:03:49 **** Incremental Build of configuration Debug for project ex6 ****
Info: Internal Builder is used for build
gcc -O0 -g3 -Wall -c -fmessage-length=0 -o main.o "..\\main.c" 
..\main.c:9:6: warning: return type of 'main' is not 'int' [-Wmain]
 void main()
      ^~~~
gcc -o ex6.exe main.o 
Info: Nothing to build for ex6
Info: Nothing to build for ex1
00:05:25 **** Incremental Build of configuration Debug for project ex2 ****
Info: Internal Builder is used for build
gcc -o ex2.exe main.o 
c:/mingw/bin/../lib/gcc/mingw32/6.3.0/../../../../mingw32/bin/ld.exe: cannot open output file ex2.exe: Permission denied
collect2.exe: error: ld returned 1 exit status
Info: Nothing to build for ex3
Info: Nothing to build for ex4
Info: Nothing to build for ex5
00:05:26 **** Incremental Build of configuration Debug for project ex6 ****
Info: Internal Builder is used for build
gcc -O0 -g3 -Wall -c -fmessage-length=0 -o main.o "..\\main.c" 
..\main.c:9:6: warning: return type of 'main' is not 'int' [-Wmain]
 void main()
      ^~~~
gcc -o ex6.exe main.o 
Info: Nothing to build for ex6
Info: Nothing to build for ex1
00:06:00 **** Incremental Build of configuration Debug for project ex2 ****
Info: Internal Builder is used for build
gcc -o ex2.exe main.o 
c:/mingw/bin/../lib/gcc/mingw32/6.3.0/../../../../mingw32/bin/ld.exe: cannot open output file ex2.exe: Permission denied
collect2.exe: error: ld returned 1 exit status
Info: Nothing to build for ex3
Info: Nothing to build for ex4
Info: Nothing to build for ex5
00:06:00 **** Incremental Build of configuration Debug for project ex6 ****
Info: Internal Builder is used for build
gcc -O0 -g3 -Wall -c -fmessage-length=0 -o main.o "..\\main.c" 
..\main.c:9:6: warning: return type of 'main' is not 'int' [-Wmain]
 void main()
      ^~~~
gcc -o ex6.exe main.o 
Info: Nothing to build for ex6
Info: Nothing to build for ex1
00:06:38 **** Incremental Build of configuration Debug for project ex2 ****
Info: Internal Builder is used for build
gcc -o ex2.exe main.o 
c:/mingw/bin/../lib/gcc/mingw32/6.3.0/../../../../mingw32/bin/ld.exe: cannot open output file ex2.exe: Permission denied
collect2.exe: error: ld returned 1 exit status
Info: Nothing to build for ex3
Info: Nothing to build for ex4
Info: Nothing to build for ex5
00:06:38 **** Incremental Build of configuration Debug for project ex6 ****
Info: Internal Builder is used for build
gcc -O0 -g3 -Wall -c -fmessage-length=0 -o main.o "..\\main.c" 
..\main.c:9:6: warning: return type of 'main' is not 'int' [-Wmain]
 void main()
      ^~~~
gcc -o ex6.exe main.o 
Info: Nothing to build for ex6
Info: Nothing to build for ex1
00:07:03 **** Incremental Build of configuration Debug for project ex2 ****
Info: Internal Builder is used for build
gcc -o ex2.exe main.o 
c:/mingw/bin/../lib/gcc/mingw32/6.3.0/../../../../mingw32/bin/ld.exe: cannot open output file ex2.exe: Permission denied
collect2.exe: error: ld returned 1 exit status
Info: Nothing to build for ex3
Info: Nothing to build for ex4
Info: Nothing to build for ex5
00:07:04 **** Incremental Build of configuration Debug for project ex6 ****
Info: Internal Builder is used for build
gcc -O0 -g3 -Wall -c -fmessage-length=0 -o main.o "..\\main.c" 
..\main.c:9:6: warning: return type of 'main' is not 'int' [-Wmain]
 void main()
      ^~~~
gcc -o ex6.exe main.o 
Info: Nothing to build for ex6
00:45:32 **** Incremental Build of configuration Debug for project ex6 ****
Info: Internal Builder is used for build
gcc -O0 -g3 -Wall -c -fmessage-length=0 -o main.o "..\\main.c" 
..\main.c:9:6: warning: return type of 'main' is not 'int' [-Wmain]
 void main()
      ^~~~
gcc -o ex6.exe main.o 
Info: Nothing to build for ex1
00:46:12 **** Incremental Build of configuration Debug for project ex2 ****
Info: Internal Builder is used for build
gcc -o ex2.exe main.o 
c:/mingw/bin/../lib/gcc/mingw32/6.3.0/../../../../mingw32/bin/ld.exe: cannot open output file ex2.exe: Permission denied
collect2.exe: error: ld returned 1 exit status
Info: Nothing to build for ex3
Info: Nothing to build for ex4
Info: Nothing to build for ex5
00:46:12 **** Incremental Build of configuration Debug for project ex6 ****
Info: Internal Builder is used for build
gcc -O0 -g3 -Wall -c -fmessage-length=0 -o main.o "..\\main.c" 
..\main.c:9:6: warning: return type of 'main' is not 'int' [-Wmain]
 void main()
      ^~~~
gcc -o ex6.exe main.o 
Info: Nothing to build for ex6
Info: Nothing to build for ex6
Info: Nothing to build for ex6
Info: Nothing to build for ex1
00:53:07 **** Incremental Build of configuration Debug for project ex2 ****
Info: Internal Builder is used for build
gcc -o ex2.exe main.o 
c:/mingw/bin/../lib/gcc/mingw32/6.3.0/../../../../mingw32/bin/ld.exe: cannot open output file ex2.exe: Permission denied
collect2.exe: error: ld returned 1 exit status
Info: Nothing to build for ex3
Info: Nothing to build for ex4
Info: Nothing to build for ex5
Info: Nothing to build for ex6
00:53:07 **** Rebuild of configuration Debug for project ex7 ****
Info: Internal Builder is used for build
gcc -O0 -g3 -Wall -c -fmessage-length=0 -o main.o "..\\main.c" 
..\main.c:10:6: warning: return type of 'main' is not 'int' [-Wmain]
 void main ()
      ^~~~
gcc -o ex7.exe main.o 
Info: Nothing to build for ex7
Info: Nothing to build for ex7
00:55:10 **** Incremental Build of configuration Debug for project ex7 ****
Info: Internal Builder is used for build
gcc -O0 -g3 -Wall -c -fmessage-length=0 -o main.o "..\\main.c" 
..\main.c:10:6: warning: return type of 'main' is not 'int' [-Wmain]
 void main ()
      ^~~~
gcc -o ex7.exe main.o 
Info: Nothing to build for ex7
Info: Nothing to build for ex7
Info: Nothing to build for ex7
Info: Nothing to build for ex7
Info: Nothing to build for ex7
Info: Nothing to build for ex7
Info: Nothing to build for ex7
Info: Nothing to build for ex7
Info: Nothing to build for ex1
01:06:03 **** Incremental Build of configuration Debug for project ex2 ****
Info: Internal Builder is used for build
gcc -o ex2.exe main.o 
c:/mingw/bin/../lib/gcc/mingw32/6.3.0/../../../../mingw32/bin/ld.exe: cannot open output file ex2.exe: Permission denied
collect2.exe: error: ld returned 1 exit status
Info: Nothing to build for ex3
Info: Nothing to build for ex4
Info: Nothing to build for ex5
Info: Nothing to build for ex6
Info: Nothing to build for ex7
01:06:03 **** Rebuild of configuration Debug for project ex8 ****
Info: Internal Builder is used for build
gcc -O0 -g3 -Wall -c -fmessage-length=0 -o main.o "..\\main.c" 
..\main.c:9:6: warning: return type of 'main' is not 'int' [-Wmain]
 void main ()
      ^~~~
..\main.c: In function 'main':
..\main.c:22:11: warning: format '%f' expects argument of type 'float *', but argument 2 has type 'int *' [-Wformat=]
  scanf ("%f %f ", &x,&y);
           ^
..\main.c:22:14: warning: format '%f' expects argument of type 'float *', but argument 3 has type 'int *' [-Wformat=]
  scanf ("%f %f ", &x,&y);
              ^
..\main.c:29:22: warning: format '%f' expects argument of type 'double', but argument 2 has type 'int' [-Wformat=]
   printf ("result = %f",x+y );
                      ^
..\main.c:33:23: warning: format '%f' expects argument of type 'double', but argument 2 has type 'int' [-Wformat=]
    printf ("result = %f",x-y );
                       ^
..\main.c:37:23: warning: format '%f' expects argument of type 'double', but argument 2 has type 'int' [-Wformat=]
    printf ("result = %f",x*y );
                       ^
..\main.c:39:7: warning: multi-character character constant [-Wmultichar]
  case '/+':
       ^~~~
..\main.c:39:2: warning: case label value exceeds maximum value for type
  case '/+':
  ^~~~
..\main.c:41:23: warning: format '%f' expects argument of type 'double', but argument 2 has type 'int' [-Wformat=]
    printf ("result = %f",x/y );
                       ^
gcc -o ex8.exe main.o 
Info: Nothing to build for ex8
Info: Nothing to build for ex1
01:06:18 **** Incremental Build of configuration Debug for project ex2 ****
Info: Internal Builder is used for build
gcc -o ex2.exe main.o 
c:/mingw/bin/../lib/gcc/mingw32/6.3.0/../../../../mingw32/bin/ld.exe: cannot open output file ex2.exe: Permission denied
collect2.exe: error: ld returned 1 exit status
Info: Nothing to build for ex3
Info: Nothing to build for ex4
Info: Nothing to build for ex5
Info: Nothing to build for ex6
Info: Nothing to build for ex7
01:06:18 **** Incremental Build of configuration Debug for project ex8 ****
Info: Internal Builder is used for build
gcc -O0 -g3 -Wall -c -fmessage-length=0 -o main.o "..\\main.c" 
..\main.c:9:6: warning: return type of 'main' is not 'int' [-Wmain]
 void main ()
      ^~~~
..\main.c: In function 'main':
..\main.c:22:11: warning: format '%f' expects argument of type 'float *', but argument 2 has type 'int *' [-Wformat=]
  scanf ("%f %f ", &x,&y);
           ^
..\main.c:22:14: warning: format '%f' expects argument of type 'float *', but argument 3 has type 'int *' [-Wformat=]
  scanf ("%f %f ", &x,&y);
              ^
..\main.c:29:22: warning: format '%f' expects argument of type 'double', but argument 2 has type 'int' [-Wformat=]
   printf ("result = %f",x+y );
                      ^
..\main.c:33:23: warning: format '%f' expects argument of type 'double', but argument 2 has type 'int' [-Wformat=]
    printf ("result = %f",x-y );
                       ^
..\main.c:37:23: warning: format '%f' expects argument of type 'double', but argument 2 has type 'int' [-Wformat=]
    printf ("result = %f",x*y );
                       ^
..\main.c:39:7: warning: multi-character character constant [-Wmultichar]
  case '/+':
       ^~~~
..\main.c:39:2: warning: case label value exceeds maximum value for type
  case '/+':
  ^~~~
..\main.c:41:23: warning: format '%f' expects argument of type 'double', but argument 2 has type 'int' [-Wformat=]
    printf ("result = %f",x/y );
                       ^
gcc -o ex8.exe main.o 
c:/mingw/bin/../lib/gcc/mingw32/6.3.0/../../../../mingw32/bin/ld.exe: cannot open output file ex8.exe: Permission denied
collect2.exe: error: ld returned 1 exit status
01:06:20 **** Incremental Build of configuration Debug for project ex8 ****
Info: Internal Builder is used for build
gcc -o ex8.exe main.o 
c:/mingw/bin/../lib/gcc/mingw32/6.3.0/../../../../mingw32/bin/ld.exe: cannot open output file ex8.exe: Permission denied
collect2.exe: error: ld returned 1 exit status
01:06:26 **** Incremental Build of configuration Debug for project ex8 ****
Info: Internal Builder is used for build
gcc -o ex8.exe main.o 
c:/mingw/bin/../lib/gcc/mingw32/6.3.0/../../../../mingw32/bin/ld.exe: cannot open output file ex8.exe: Permission denied
collect2.exe: error: ld returned 1 exit status
Info: Nothing to build for ex1
01:06:57 **** Incremental Build of configuration Debug for project ex2 ****
Info: Internal Builder is used for build
gcc -o ex2.exe main.o 
c:/mingw/bin/../lib/gcc/mingw32/6.3.0/../../../../mingw32/bin/ld.exe: cannot open output file ex2.exe: Permission denied
collect2.exe: error: ld returned 1 exit status
Info: Nothing to build for ex3
Info: Nothing to build for ex4
Info: Nothing to build for ex5
Info: Nothing to build for ex6
Info: Nothing to build for ex7
01:06:58 **** Incremental Build of configuration Debug for project ex8 ****
Info: Internal Builder is used for build
gcc -O0 -g3 -Wall -c -fmessage-length=0 -o main.o "..\\main.c" 
..\main.c:9:6: warning: return type of 'main' is not 'int' [-Wmain]
 void main ()
      ^~~~
..\main.c: In function 'main':
..\main.c:22:11: warning: format '%f' expects argument of type 'float *', but argument 2 has type 'int *' [-Wformat=]
  scanf ("%f %f ", &x,&y);
           ^
..\main.c:22:14: warning: format '%f' expects argument of type 'float *', but argument 3 has type 'int *' [-Wformat=]
  scanf ("%f %f ", &x,&y);
              ^
..\main.c:29:22: warning: format '%f' expects argument of type 'double', but argument 2 has type 'int' [-Wformat=]
   printf ("result = %f",x+y );
                      ^
..\main.c:34:22: warning: format '%f' expects argument of type 'double', but argument 2 has type 'int' [-Wformat=]
   printf ("result = %f",x-y );
                      ^
..\main.c:39:22: warning: format '%f' expects argument of type 'double', but argument 2 has type 'int' [-Wformat=]
   printf ("result = %f",x*y );
                      ^
..\main.c:42:7: warning: multi-character character constant [-Wmultichar]
  case '/+':
       ^~~~
..\main.c:42:2: warning: case label value exceeds maximum value for type
  case '/+':
  ^~~~
..\main.c:44:22: warning: format '%f' expects argument of type 'double', but argument 2 has type 'int' [-Wformat=]
   printf ("result = %f",x/y );
                      ^
gcc -o ex8.exe main.o 
c:/mingw/bin/../lib/gcc/mingw32/6.3.0/../../../../mingw32/bin/ld.exe: cannot open output file ex8.exe: Permission denied
collect2.exe: error: ld returned 1 exit status
Info: Nothing to build for ex1
01:07:11 **** Incremental Build of configuration Debug for project ex2 ****
Info: Internal Builder is used for build
gcc -o ex2.exe main.o 
c:/mingw/bin/../lib/gcc/mingw32/6.3.0/../../../../mingw32/bin/ld.exe: cannot open output file ex2.exe: Permission denied
collect2.exe: error: ld returned 1 exit status
Info: Nothing to build for ex3
Info: Nothing to build for ex4
Info: Nothing to build for ex5
Info: Nothing to build for ex6
Info: Nothing to build for ex7
01:07:11 **** Incremental Build of configuration Debug for project ex8 ****
Info: Internal Builder is used for build
gcc -O0 -g3 -Wall -c -fmessage-length=0 -o main.o "..\\main.c" 
..\main.c:9:6: warning: return type of 'main' is not 'int' [-Wmain]
 void main ()
      ^~~~
..\main.c: In function 'main':
..\main.c:42:7: warning: multi-character character constant [-Wmultichar]
  case '/+':
       ^~~~
..\main.c:42:2: warning: case label value exceeds maximum value for type
  case '/+':
  ^~~~
gcc -o ex8.exe main.o 
c:/mingw/bin/../lib/gcc/mingw32/6.3.0/../../../../mingw32/bin/ld.exe: cannot open output file ex8.exe: Permission denied
collect2.exe: error: ld returned 1 exit status
Info: Nothing to build for ex1
01:07:18 **** Incremental Build of configuration Debug for project ex2 ****
Info: Internal Builder is used for build
gcc -o ex2.exe main.o 
c:/mingw/bin/../lib/gcc/mingw32/6.3.0/../../../../mingw32/bin/ld.exe: cannot open output file ex2.exe: Permission denied
collect2.exe: error: ld returned 1 exit status
Info: Nothing to build for ex3
Info: Nothing to build for ex4
Info: Nothing to build for ex5
Info: Nothing to build for ex6
Info: Nothing to build for ex7
01:07:19 **** Incremental Build of configuration Debug for project ex8 ****
Info: Internal Builder is used for build
gcc -O0 -g3 -Wall -c -fmessage-length=0 -o main.o "..\\main.c" 
..\main.c:9:6: warning: return type of 'main' is not 'int' [-Wmain]
 void main ()
      ^~~~
gcc -o ex8.exe main.o 
c:/mingw/bin/../lib/gcc/mingw32/6.3.0/../../../../mingw32/bin/ld.exe: cannot open output file ex8.exe: Permission denied
collect2.exe: error: ld returned 1 exit status
01:07:26 **** Incremental Build of configuration Debug for project ex8 ****
Info: Internal Builder is used for build
gcc -o ex8.exe main.o 
c:/mingw/bin/../lib/gcc/mingw32/6.3.0/../../../../mingw32/bin/ld.exe: cannot open output file ex8.exe: Permission denied
collect2.exe: error: ld returned 1 exit status
Info: Nothing to build for ex1
01:08:59 **** Incremental Build of configuration Debug for project ex2 ****
Info: Internal Builder is used for build
gcc -o ex2.exe main.o 
c:/mingw/bin/../lib/gcc/mingw32/6.3.0/../../../../mingw32/bin/ld.exe: cannot open output file ex2.exe: Permission denied
collect2.exe: error: ld returned 1 exit status
Info: Nothing to build for ex3
Info: Nothing to build for ex4
Info: Nothing to build for ex5
Info: Nothing to build for ex6
Info: Nothing to build for ex7
01:08:59 **** Incremental Build of configuration Debug for project ex8 ****
Info: Internal Builder is used for build
gcc -O0 -g3 -Wall -c -fmessage-length=0 -o main.o "..\\main.c" 
..\main.c:9:6: warning: return type of 'main' is not 'int' [-Wmain]
 void main ()
      ^~~~
..\main.c: In function 'main':
..\main.c:47:2: warning: label 'defult' defined but not used [-Wunused-label]
  defult:
  ^~~~~~
gcc -o ex8.exe main.o 
c:/mingw/bin/../lib/gcc/mingw32/6.3.0/../../../../mingw32/bin/ld.exe: cannot open output file ex8.exe: Permission denied
collect2.exe: error: ld returned 1 exit status
01:09:02 **** Incremental Build of configuration Debug for project ex8 ****
Info: Internal Builder is used for build
gcc -o ex8.exe main.o 
c:/mingw/bin/../lib/gcc/mingw32/6.3.0/../../../../mingw32/bin/ld.exe: cannot open output file ex8.exe: Permission denied
collect2.exe: error: ld returned 1 exit status
Info: Nothing to build for ex1
01:12:35 **** Incremental Build of configuration Debug for project ex2 ****
Info: Internal Builder is used for build
gcc -o ex2.exe main.o 
c:/mingw/bin/../lib/gcc/mingw32/6.3.0/../../../../mingw32/bin/ld.exe: cannot open output file ex2.exe: Permission denied
collect2.exe: error: ld returned 1 exit status
Info: Nothing to build for ex3
Info: Nothing to build for ex4
Info: Nothing to build for ex5
Info: Nothing to build for ex6
Info: Nothing to build for ex7
01:12:36 **** Incremental Build of configuration Debug for project ex8 ****
Info: Internal Builder is used for build
gcc -O0 -g3 -Wall -c -fmessage-length=0 -o main.o "..\\main.c" 
..\main.c:9:6: warning: return type of 'main' is not 'int' [-Wmain]
 void main ()
      ^~~~
gcc -o ex8.exe main.o 
c:/mingw/bin/../lib/gcc/mingw32/6.3.0/../../../../mingw32/bin/ld.exe: cannot open output file ex8.exe: Permission denied
collect2.exe: error: ld returned 1 exit status
01:13:01 **** Incremental Build of configuration Debug for project ex8 ****
Info: Internal Builder is used for build
gcc -o ex8.exe main.o 
c:/mingw/bin/../lib/gcc/mingw32/6.3.0/../../../../mingw32/bin/ld.exe: cannot open output file ex8.exe: Permission denied
collect2.exe: error: ld returned 1 exit status
Info: Nothing to build for ex1
01:14:03 **** Incremental Build of configuration Debug for project ex2 ****
Info: Internal Builder is used for build
gcc -o ex2.exe main.o 
c:/mingw/bin/../lib/gcc/mingw32/6.3.0/../../../../mingw32/bin/ld.exe: cannot open output file ex2.exe: Permission denied
collect2.exe: error: ld returned 1 exit status
Info: Nothing to build for ex3
Info: Nothing to build for ex4
Info: Nothing to build for ex5
Info: Nothing to build for ex6
Info: Nothing to build for ex7
01:14:03 **** Incremental Build of configuration Debug for project ex8 ****
Info: Internal Builder is used for build
gcc -o ex8.exe main.o 
c:/mingw/bin/../lib/gcc/mingw32/6.3.0/../../../../mingw32/bin/ld.exe: cannot open output file ex8.exe: Permission denied
collect2.exe: error: ld returned 1 exit status
Info: Nothing to build for ex1
01:14:09 **** Incremental Build of configuration Debug for project ex2 ****
Info: Internal Builder is used for build
gcc -o ex2.exe main.o 
c:/mingw/bin/../lib/gcc/mingw32/6.3.0/../../../../mingw32/bin/ld.exe: cannot open output file ex2.exe: Permission denied
collect2.exe: error: ld returned 1 exit status
Info: Nothing to build for ex3
Info: Nothing to build for ex4
Info: Nothing to build for ex5
Info: Nothing to build for ex6
Info: Nothing to build for ex7
01:14:10 **** Incremental Build of configuration Debug for project ex8 ****
Info: Internal Builder is used for build
gcc -o ex8.exe main.o 
c:/mingw/bin/../lib/gcc/mingw32/6.3.0/../../../../mingw32/bin/ld.exe: cannot open output file ex8.exe: Permission denied
collect2.exe: error: ld returned 1 exit status
Info: Nothing to build for ex7
01:14:34 **** Incremental Build of configuration Debug for project ex2 ****
Info: Internal Builder is used for build
gcc -o ex2.exe main.o 
c:/mingw/bin/../lib/gcc/mingw32/6.3.0/../../../../mingw32/bin/ld.exe: cannot open output file ex2.exe: Permission denied
collect2.exe: error: ld returned 1 exit status
Info: Nothing to build for ex1
01:15:04 **** Incremental Build of configuration Debug for project ex2 ****
Info: Internal Builder is used for build
gcc -o ex2.exe main.o 
c:/mingw/bin/../lib/gcc/mingw32/6.3.0/../../../../mingw32/bin/ld.exe: cannot open output file ex2.exe: Permission denied
collect2.exe: error: ld returned 1 exit status
Info: Nothing to build for ex3
Info: Nothing to build for ex4
Info: Nothing to build for ex5
Info: Nothing to build for ex6
Info: Nothing to build for ex7
01:15:04 **** Incremental Build of configuration Debug for project ex8 ****
Info: Internal Builder is used for build
gcc -O0 -g3 -Wall -c -fmessage-length=0 -o main.o "..\\main.c" 
..\main.c:9:6: warning: return type of 'main' is not 'int' [-Wmain]
 void main ()
      ^~~~
gcc -o ex8.exe main.o 
c:/mingw/bin/../lib/gcc/mingw32/6.3.0/../../../../mingw32/bin/ld.exe: cannot open output file ex8.exe: Permission denied
collect2.exe: error: ld returned 1 exit status
01:15:08 **** Incremental Build of configuration Debug for project ex8 ****
Info: Internal Builder is used for build
gcc -o ex8.exe main.o 
c:/mingw/bin/../lib/gcc/mingw32/6.3.0/../../../../mingw32/bin/ld.exe: cannot open output file ex8.exe: Permission denied
collect2.exe: error: ld returned 1 exit status
Info: Nothing to build for ex1
01:15:43 **** Incremental Build of configuration Debug for project ex2 ****
Info: Internal Builder is used for build
gcc -o ex2.exe main.o 
c:/mingw/bin/../lib/gcc/mingw32/6.3.0/../../../../mingw32/bin/ld.exe: cannot open output file ex2.exe: Permission denied
collect2.exe: error: ld returned 1 exit status
Info: Nothing to build for ex3
Info: Nothing to build for ex4
Info: Nothing to build for ex5
Info: Nothing to build for ex6
Info: Nothing to build for ex7
01:15:43 **** Incremental Build of configuration Debug for project ex8 ****
Info: Internal Builder is used for build
gcc -O0 -g3 -Wall -c -fmessage-length=0 -o main.o "..\\main.c" 
..\main.c:9:6: warning: return type of 'main' is not 'int' [-Wmain]
 void main ()
      ^~~~
gcc -o ex8.exe main.o 
c:/mingw/bin/../lib/gcc/mingw32/6.3.0/../../../../mingw32/bin/ld.exe: cannot open output file ex8.exe: Permission denied
collect2.exe: error: ld returned 1 exit status
01:15:45 **** Incremental Build of configuration Debug for project ex8 ****
Info: Internal Builder is used for build
gcc -o ex8.exe main.o 
c:/mingw/bin/../lib/gcc/mingw32/6.3.0/../../../../mingw32/bin/ld.exe: cannot open output file ex8.exe: Permission denied
collect2.exe: error: ld returned 1 exit status
Info: Nothing to build for ex1
01:16:02 **** Incremental Build of configuration Debug for project ex2 ****
Info: Internal Builder is used for build
gcc -o ex2.exe main.o 
c:/mingw/bin/../lib/gcc/mingw32/6.3.0/../../../../mingw32/bin/ld.exe: cannot open output file ex2.exe: Permission denied
collect2.exe: error: ld returned 1 exit status
Info: Nothing to build for ex3
Info: Nothing to build for ex4
Info: Nothing to build for ex5
Info: Nothing to build for ex6
Info: Nothing to build for ex7
01:16:02 **** Incremental Build of configuration Debug for project ex8 ****
Info: Internal Builder is used for build
gcc -o ex8.exe main.o 
c:/mingw/bin/../lib/gcc/mingw32/6.3.0/../../../../mingw32/bin/ld.exe: cannot open output file ex8.exe: Permission denied
collect2.exe: error: ld returned 1 exit status
01:16:08 **** Incremental Build of configuration Debug for project ex8 ****
Info: Internal Builder is used for build
gcc -O0 -g3 -Wall -c -fmessage-length=0 -o main.o "..\\main.c" 
..\main.c:9:6: warning: return type of 'main' is not 'int' [-Wmain]
 void main ()
      ^~~~
gcc -o ex8.exe main.o 
c:/mingw/bin/../lib/gcc/mingw32/6.3.0/../../../../mingw32/bin/ld.exe: cannot open output file ex8.exe: Permission denied
collect2.exe: error: ld returned 1 exit status
Info: Nothing to build for ex1
01:17:26 **** Incremental Build of configuration Debug for project ex2 ****
Info: Internal Builder is used for build
gcc -o ex2.exe main.o 
c:/mingw/bin/../lib/gcc/mingw32/6.3.0/../../../../mingw32/bin/ld.exe: cannot open output file ex2.exe: Permission denied
collect2.exe: error: ld returned 1 exit status
Info: Nothing to build for ex3
Info: Nothing to build for ex4
Info: Nothing to build for ex5
Info: Nothing to build for ex6
Info: Nothing to build for ex7
01:17:26 **** Incremental Build of configuration Debug for project ex8 ****
Info: Internal Builder is used for build
gcc -O0 -g3 -Wall -c -fmessage-length=0 -o main.o "..\\main.c" 
..\main.c:9:6: warning: return type of 'main' is not 'int' [-Wmain]
 void main ()
      ^~~~
gcc -o ex8.exe main.o 
c:/mingw/bin/../lib/gcc/mingw32/6.3.0/../../../../mingw32/bin/ld.exe: cannot open output file ex8.exe: Permission denied
collect2.exe: error: ld returned 1 exit status
01:17:29 **** Incremental Build of configuration Debug for project ex8 ****
Info: Internal Builder is used for build
gcc -o ex8.exe main.o 
c:/mingw/bin/../lib/gcc/mingw32/6.3.0/../../../../mingw32/bin/ld.exe: cannot open output file ex8.exe: Permission denied
collect2.exe: error: ld returned 1 exit status
01:19:22 **** Incremental Build of configuration Debug for project ex2 ****
Info: Internal Builder is used for build
gcc -o ex2.exe main.o 
c:/mingw/bin/../lib/gcc/mingw32/6.3.0/../../../../mingw32/bin/ld.exe: cannot open output file ex2.exe: Permission denied
collect2.exe: error: ld returned 1 exit status
01:19:31 **** Incremental Build of configuration Debug for project ex2 ****
Info: Internal Builder is used for build
gcc -o ex2.exe main.o 
c:/mingw/bin/../lib/gcc/mingw32/6.3.0/../../../../mingw32/bin/ld.exe: cannot open output file ex2.exe: Permission denied
collect2.exe: error: ld returned 1 exit status
01:19:36 **** Incremental Build of configuration Debug for project ex2 ****
Info: Internal Builder is used for build
gcc -o ex2.exe main.o 
c:/mingw/bin/../lib/gcc/mingw32/6.3.0/../../../../mingw32/bin/ld.exe: cannot open output file ex2.exe: Permission denied
collect2.exe: error: ld returned 1 exit status
Info: Nothing to build for ex1
01:21:37 **** Incremental Build of configuration Debug for project ex2 ****
Info: Internal Builder is used for build
gcc -o ex2.exe main.o 
Info: Nothing to build for ex3
Info: Nothing to build for ex4
Info: Nothing to build for ex5
Info: Nothing to build for ex6
Info: Nothing to build for ex7
01:21:37 **** Incremental Build of configuration Debug for project ex8 ****
Info: Internal Builder is used for build
gcc -o ex8.exe main.o 
Info: Nothing to build for ex8
Info: Nothing to build for ex2
Info: Nothing to build for ex1
Info: Nothing to build for ex2
Info: Nothing to build for ex3
Info: Nothing to build for ex4
Info: Nothing to build for ex5
Info: Nothing to build for ex6
Info: Nothing to build for ex7
Info: Nothing to build for ex8
Info: Nothing to build for ex1
Info: Nothing to build for ex2
Info: Nothing to build for ex3
Info: Nothing to build for ex4
Info: Nothing to build for ex5
Info: Nothing to build for ex6
Info: Nothing to build for ex7
Info: Nothing to build for ex8
Info: Nothing to build for ex1
Info: Nothing to build for ex2
Info: Nothing to build for ex3
Info: Nothing to build for ex4
Info: Nothing to build for ex5
Info: Nothing to build for ex6
Info: Nothing to build for ex7
Info: Nothing to build for ex8
Info: Nothing to build for ex1
Info: Nothing to build for ex2
Info: Nothing to build for ex3
Info: Nothing to build for ex4
Info: Nothing to build for ex5
Info: Nothing to build for ex6
Info: Nothing to build for ex7
Info: Nothing to build for ex8
Info: Nothing to build for ex1
Info: Nothing to build for ex2
Info: Nothing to build for ex3
Info: Nothing to build for ex4
Info: Nothing to build for ex5
Info: Nothing to build for ex6
Info: Nothing to build for ex7
Info: Nothing to build for ex8
Info: Nothing to build for ex1
Info: Nothing to build for ex2
Info: Nothing to build for ex3
Info: Nothing to build for ex4
Info: Nothing to build for ex5
Info: Nothing to build for ex6
Info: Nothing to build for ex7
Info: Nothing to build for ex8
Info: Nothing to build for ex8
Info: Nothing to build for ex1
Info: Nothing to build for ex2
Info: Nothing to build for ex3
Info: Nothing to build for ex4
Info: Nothing to build for ex5
Info: Nothing to build for ex6
Info: Nothing to build for ex7
01:24:05 **** Incremental Build of configuration Debug for project ex8 ****
Info: Internal Builder is used for build
gcc -O0 -g3 -Wall -c -fmessage-length=0 -o main.o "..\\main.c" 
..\main.c:9:6: warning: return type of 'main' is not 'int' [-Wmain]
 void main ()
      ^~~~
gcc -o ex8.exe main.o 
Info: Nothing to build for ex8
Info: Nothing to build for ex8
Info: Nothing to build for ex8
Info: Nothing to build for ex8
Info: Nothing to build for ex8
Info: Nothing to build for ex1
Info: Nothing to build for ex2
Info: Nothing to build for ex3
Info: Nothing to build for ex4
Info: Nothing to build for ex5
Info: Nothing to build for ex6
Info: Nothing to build for ex7
Info: Nothing to build for ex8
Info: Nothing to build for ex8
Info: Nothing to build for ex1
Info: Nothing to build for ex2
Info: Nothing to build for ex3
Info: Nothing to build for ex4
Info: Nothing to build for ex5
Info: Nothing to build for ex6
Info: Nothing to build for ex7
01:30:54 **** Incremental Build of configuration Debug for project ex8 ****
Info: Internal Builder is used for build
gcc -O0 -g3 -Wall -c -fmessage-length=0 -o main.o "..\\main.c" 
..\main.c:9:6: warning: return type of 'main' is not 'int' [-Wmain]
 void main ()
      ^~~~
gcc -o ex8.exe main.o 
Info: Nothing to build for ex8
Info: Nothing to build for ex1
Info: Nothing to build for ex2
Info: Nothing to build for ex3
Info: Nothing to build for ex4
Info: Nothing to build for ex5
Info: Nothing to build for ex6
Info: Nothing to build for ex7
01:31:15 **** Incremental Build of configuration Debug for project ex8 ****
Info: Internal Builder is used for build
gcc -O0 -g3 -Wall -c -fmessage-length=0 -o main.o "..\\main.c" 
..\main.c:9:6: warning: return type of 'main' is not 'int' [-Wmain]
 void main ()
      ^~~~
gcc -o ex8.exe main.o 
c:/mingw/bin/../lib/gcc/mingw32/6.3.0/../../../../mingw32/bin/ld.exe: cannot open output file ex8.exe: Permission denied
collect2.exe: error: ld returned 1 exit status
01:31:19 **** Incremental Build of configuration Debug for project ex8 ****
Info: Internal Builder is used for build
gcc -o ex8.exe main.o 
c:/mingw/bin/../lib/gcc/mingw32/6.3.0/../../../../mingw32/bin/ld.exe: cannot open output file ex8.exe: Permission denied
collect2.exe: error: ld returned 1 exit status
Info: Nothing to build for ex1
Info: Nothing to build for ex2
Info: Nothing to build for ex3
Info: Nothing to build for ex4
Info: Nothing to build for ex5
Info: Nothing to build for ex6
Info: Nothing to build for ex7
01:31:47 **** Incremental Build of configuration Debug for project ex8 ****
Info: Internal Builder is used for build
gcc -O0 -g3 -Wall -c -fmessage-length=0 -o main.o "..\\main.c" 
..\main.c:9:6: warning: return type of 'main' is not 'int' [-Wmain]
 void main ()
      ^~~~
gcc -o ex8.exe main.o 
c:/mingw/bin/../lib/gcc/mingw32/6.3.0/../../../../mingw32/bin/ld.exe: cannot open output file ex8.exe: Permission denied
collect2.exe: error: ld returned 1 exit status
01:31:49 **** Incremental Build of configuration Debug for project ex8 ****
Info: Internal Builder is used for build
gcc -o ex8.exe main.o 
c:/mingw/bin/../lib/gcc/mingw32/6.3.0/../../../../mingw32/bin/ld.exe: cannot open output file ex8.exe: Permission denied
collect2.exe: error: ld returned 1 exit status
01:32:01 **** Incremental Build of configuration Debug for project ex8 ****
Info: Internal Builder is used for build
gcc -o ex8.exe main.o 
c:/mingw/bin/../lib/gcc/mingw32/6.3.0/../../../../mingw32/bin/ld.exe: cannot open output file ex8.exe: Permission denied
collect2.exe: error: ld returned 1 exit status
01:32:12 **** Incremental Build of configuration Debug for project ex8 ****
Info: Internal Builder is used for build
gcc -o ex8.exe main.o 
c:/mingw/bin/../lib/gcc/mingw32/6.3.0/../../../../mingw32/bin/ld.exe: cannot open output file ex8.exe: Permission denied
collect2.exe: error: ld returned 1 exit status
01:33:24 **** Incremental Build of configuration Debug for project ex8 ****
Info: Internal Builder is used for build
gcc -o ex8.exe main.o 
c:/mingw/bin/../lib/gcc/mingw32/6.3.0/../../../../mingw32/bin/ld.exe: cannot open output file ex8.exe: Permission denied
collect2.exe: error: ld returned 1 exit status
Info: Nothing to build for ex1
Info: Nothing to build for ex2
Info: Nothing to build for ex3
Info: Nothing to build for ex4
Info: Nothing to build for ex5
Info: Nothing to build for ex6
Info: Nothing to build for ex7
01:35:19 **** Incremental Build of configuration Debug for project ex8 ****
Info: Internal Builder is used for build
gcc -O0 -g3 -Wall -c -fmessage-length=0 -o main.o "..\\main.c" 
..\main.c:9:6: warning: return type of 'main' is not 'int' [-Wmain]
 void main ()
      ^~~~
gcc -o ex8.exe main.o 
c:/mingw/bin/../lib/gcc/mingw32/6.3.0/../../../../mingw32/bin/ld.exe: cannot open output file ex8.exe: Permission denied
collect2.exe: error: ld returned 1 exit status
01:35:21 **** Incremental Build of configuration Debug for project ex8 ****
Info: Internal Builder is used for build
gcc -o ex8.exe main.o 
c:/mingw/bin/../lib/gcc/mingw32/6.3.0/../../../../mingw32/bin/ld.exe: cannot open output file ex8.exe: Permission denied
collect2.exe: error: ld returned 1 exit status
Info: Nothing to build for ex1
Info: Nothing to build for ex2
Info: Nothing to build for ex3
Info: Nothing to build for ex4
Info: Nothing to build for ex5
Info: Nothing to build for ex6
Info: Nothing to build for ex7
01:38:55 **** Incremental Build of configuration Debug for project ex8 ****
Info: Internal Builder is used for build
gcc -O0 -g3 -Wall -c -fmessage-length=0 -o main.o "..\\main.c" 
..\main.c:9:6: warning: return type of 'main' is not 'int' [-Wmain]
 void main ()
      ^~~~
gcc -o ex8.exe main.o 
Info: Nothing to build for ex8
Info: Nothing to build for ex1
Info: Nothing to build for ex2
Info: Nothing to build for ex3
Info: Nothing to build for ex4
Info: Nothing to build for ex5
Info: Nothing to build for ex6
Info: Nothing to build for ex7
01:39:35 **** Incremental Build of configuration Debug for project ex8 ****
Info: Internal Builder is used for build
gcc -O0 -g3 -Wall -c -fmessage-length=0 -o main.o "..\\main.c" 
..\main.c:9:6: warning: return type of 'main' is not 'int' [-Wmain]
 void main ()
      ^~~~
gcc -o ex8.exe main.o 
Info: Nothing to build for ex8
Info: Nothing to build for ex1
Info: Nothing to build for ex2
Info: Nothing to build for ex3
Info: Nothing to build for ex4
Info: Nothing to build for ex5
Info: Nothing to build for ex6
Info: Nothing to build for ex7
Info: Nothing to build for ex8
Info: Nothing to build for ex1
Info: Nothing to build for ex2
Info: Nothing to build for ex3
Info: Nothing to build for ex4
Info: Nothing to build for ex5
Info: Nothing to build for ex6
Info: Nothing to build for ex7
Info: Nothing to build for ex8
Info: Nothing to build for ex1
Info: Nothing to build for ex2
Info: Nothing to build for ex3
Info: Nothing to build for ex4
Info: Nothing to build for ex5
Info: Nothing to build for ex6
Info: Nothing to build for ex7
Info: Nothing to build for ex8
Info: Nothing to build for ex8
Info: Nothing to build for ex8
Info: Nothing to build for ex8
